[2026-04-13T09:46:43.301Z] ===========================================
[2026-04-13T09:46:43.307Z] Starting REAL data scrape from JNE Voto Informado
[2026-04-13T09:46:43.307Z] ===========================================
[2026-04-13T09:46:43.539Z] Step 1: Navigating to JNE to capture API data...
[2026-04-13T09:47:08.212Z] API Token: OK
[2026-04-13T09:47:08.213Z] API Candidates: OK (108)
[2026-04-13T09:47:08.214Z] API Advanced Vote: MISSING
[2026-04-13T09:47:08.214Z] API Plan Gobierno: MISSING
[2026-04-13T09:47:08.214Z] API Hoja Vida: MISSING
[2026-04-13T09:47:08.215Z] Processing 108 candidates from API...
[2026-04-13T09:47:08.215Z] Step 2: Fetching detailed data for each candidate...
[2026-04-13T09:47:08.216Z]   Fetching details for candidate 1: WILBERT GABINO SEGOVIA QUIN...
[2026-04-13T09:47:08.223Z]     Could not find link for WILBERT GABINO SEGOV
[2026-04-13T09:47:08.223Z]   Fetching details for candidate 2: YESSIKA ROXSANA ARTEAGA NARVAE...
[2026-04-13T09:47:08.226Z]     Could not find link for YESSIKA ROXSANA ARTE
[2026-04-13T09:47:08.226Z]   Fetching details for candidate 3: CARLOS DANILO PINILLOS VINCES...
[2026-04-13T09:47:08.228Z]     Could not find link for CARLOS DANILO PINILL
[2026-04-13T09:47:08.229Z]   Fetching details for candidate 4: VIRGILIO ACUÑA PERALTA...
[2026-04-13T09:47:08.230Z]     Could not find link for VIRGILIO ACUÑA PERAL
[2026-04-13T09:47:08.230Z]   Fetching details for candidate 5: WINSTON CLEMENTE HUAMAN HENRIQ...
[2026-04-13T09:47:08.232Z]     Could not find link for WINSTON CLEMENTE HUA
[2026-04-13T09:47:08.282Z] ===========================================
[2026-04-13T09:47:08.283Z] Scrape complete: 108 candidates with real data
[2026-04-13T09:47:08.283Z] ===========================================
[2026-04-13T09:47:08.373Z] Pushing data to dashboard API...
[2026-04-13T09:47:08.819Z] Push result: FAILED - Invalid format
[2026-04-13T09:47:08.821Z] Local cache saved to jne-real-data.json
[2026-04-13T09:59:31.571Z] ===========================================
[2026-04-13T09:59:31.573Z] Starting REAL data scrape from JNE Voto Informado
[2026-04-13T09:59:31.573Z] ===========================================
[2026-04-13T09:59:31.731Z] Step 1: Navigating to JNE to capture API data...
[2026-04-13T09:59:59.264Z] API Token: OK
[2026-04-13T09:59:59.264Z] API Candidates: OK (108)
[2026-04-13T09:59:59.265Z] API Advanced Vote: MISSING
[2026-04-13T09:59:59.265Z] API Plan Gobierno: MISSING
[2026-04-13T09:59:59.265Z] API Hoja Vida: MISSING
[2026-04-13T09:59:59.265Z] Processing 108 candidates from API...
[2026-04-13T09:59:59.266Z] Step 2: Fetching detailed data for each candidate...
[2026-04-13T09:59:59.266Z]   Fetching details for candidate 1: WILBERT GABINO SEGOVIA QUIN...
[2026-04-13T09:59:59.269Z]     Could not find link for WILBERT GABINO SEGOV
[2026-04-13T09:59:59.270Z]   Fetching details for candidate 2: YESSIKA ROXSANA ARTEAGA NARVAE...
[2026-04-13T09:59:59.271Z]     Could not find link for YESSIKA ROXSANA ARTE
[2026-04-13T09:59:59.271Z]   Fetching details for candidate 3: CARLOS DANILO PINILLOS VINCES...
[2026-04-13T09:59:59.272Z]     Could not find link for CARLOS DANILO PINILL
[2026-04-13T09:59:59.272Z]   Fetching details for candidate 4: VIRGILIO ACUÑA PERALTA...
[2026-04-13T09:59:59.273Z]     Could not find link for VIRGILIO ACUÑA PERAL
[2026-04-13T09:59:59.273Z]   Fetching details for candidate 5: WINSTON CLEMENTE HUAMAN HENRIQ...
[2026-04-13T09:59:59.274Z]     Could not find link for WINSTON CLEMENTE HUA
[2026-04-13T09:59:59.309Z] ===========================================
[2026-04-13T09:59:59.309Z] Scrape complete: 108 candidates with real data
[2026-04-13T09:59:59.310Z] ===========================================
[2026-04-13T09:59:59.387Z] Pushing data to dashboard KV...
[2026-04-13T10:00:00.265Z] Push result: SUCCESS - POST: Real JNE data stored in KV
[2026-04-13T10:00:00.513Z] Local cache saved to jne-real-data.json
