[2026-04-13T07:59:33.210Z] ===========================================
[2026-04-13T07:59:33.212Z] ONPE Live Scraper Service STARTED
[2026-04-13T07:59:33.213Z] Dashboard: https://elecciones-peru-2026-peach.vercel.app
[2026-04-13T07:59:33.213Z] Scrape interval: 30s
[2026-04-13T07:59:33.213Z] ===========================================
[2026-04-13T07:59:33.214Z] ===========================================
[2026-04-13T07:59:33.214Z] Starting ONPE data scrape cycle...
[2026-04-13T07:59:33.414Z] [PRESIDENCIALES] Loading...
[2026-04-13T07:59:43.368Z] [SENADORES DEU] Loading...
[2026-04-13T07:59:53.117Z] [SENADORES DEM] Loading...
[2026-04-13T08:00:02.992Z] [DIPUTADOS] Loading...
[2026-04-13T08:00:12.621Z] [PARLAMENTO ANDINO] Loading...
[2026-04-13T08:00:22.258Z] [PARTICIPACION] Loading...
[2026-04-13T08:00:31.861Z] [ACTAS] Loading...
[2026-04-13T08:00:41.413Z] Scrape complete: 36 candidates, 46.736% actas
[2026-04-13T08:00:41.414Z] Pushing to dashboard...
[2026-04-13T08:00:41.881Z] Push SUCCESS - ONPE scraped data
[2026-04-13T08:01:11.949Z] ===========================================
[2026-04-13T08:01:11.950Z] Starting ONPE data scrape cycle...
[2026-04-13T08:01:12.148Z] [PRESIDENCIALES] Loading...
[2026-04-13T08:01:22.112Z] [SENADORES DEU] Loading...
[2026-04-13T08:01:31.800Z] [SENADORES DEM] Loading...
[2026-04-13T08:01:41.752Z] [DIPUTADOS] Loading...
[2026-04-13T08:01:41.958Z] ===========================================
[2026-04-13T08:01:41.959Z] Starting ONPE data scrape cycle...
[2026-04-13T08:01:42.136Z] [PRESIDENCIALES] Loading...
[2026-04-13T08:01:51.596Z] [PARLAMENTO ANDINO] Loading...
[2026-04-13T08:01:52.400Z] [SENADORES DEU] Loading...
[2026-04-13T08:02:00.991Z] [PARTICIPACION] Loading...
[2026-04-13T08:02:02.169Z] [SENADORES DEM] Loading...
[2026-04-13T08:02:10.632Z] [ACTAS] Loading...
[2026-04-13T08:02:11.973Z] ===========================================
[2026-04-13T08:02:11.974Z] Starting ONPE data scrape cycle...
[2026-04-13T08:02:12.048Z] [DIPUTADOS] Loading...
[2026-04-13T08:02:12.178Z] [PRESIDENCIALES] Loading...
[2026-04-13T08:02:20.194Z] Scrape complete: 36 candidates, 46.927% actas
[2026-04-13T08:02:20.195Z] Pushing to dashboard...
[2026-04-13T08:02:20.640Z] Push SUCCESS - ONPE scraped data
[2026-04-13T08:02:22.007Z] [PARLAMENTO ANDINO] Loading...
[2026-04-13T08:02:22.703Z] [SENADORES DEU] Loading...
[2026-04-13T08:02:31.698Z] [PARTICIPACION] Loading...
[2026-04-13T08:02:32.636Z] [SENADORES DEM] Loading...
[2026-04-13T08:02:41.039Z] [ACTAS] Loading...
[2026-04-13T08:02:41.975Z] ===========================================
[2026-04-13T08:02:41.975Z] Starting ONPE data scrape cycle...
[2026-04-13T08:02:42.162Z] [PRESIDENCIALES] Loading...
[2026-04-13T08:02:42.424Z] [DIPUTADOS] Loading...
[2026-04-13T08:02:50.557Z] Scrape complete: 36 candidates, 46.927% actas
[2026-04-13T08:02:50.558Z] Pushing to dashboard...
[2026-04-13T08:02:50.911Z] Push SUCCESS - ONPE scraped data
[2026-04-13T08:02:52.234Z] [PARLAMENTO ANDINO] Loading...
[2026-04-13T08:02:52.603Z] [SENADORES DEU] Loading...
[2026-04-13T08:03:01.834Z] [PARTICIPACION] Loading...
[2026-04-13T08:03:02.364Z] [SENADORES DEM] Loading...
[2026-04-13T08:03:11.689Z] [ACTAS] Loading...
[2026-04-13T08:03:11.978Z] ===========================================
[2026-04-13T08:03:11.979Z] Starting ONPE data scrape cycle...
[2026-04-13T08:03:12.139Z] [PRESIDENCIALES] Loading...
[2026-04-13T08:03:12.478Z] [DIPUTADOS] Loading...
[2026-04-13T08:03:21.187Z] Scrape complete: 36 candidates, 46.927% actas
[2026-04-13T08:03:21.188Z] Pushing to dashboard...
[2026-04-13T08:03:21.567Z] Push SUCCESS - ONPE scraped data
[2026-04-13T08:03:22.489Z] [PARLAMENTO ANDINO] Loading...
[2026-04-13T08:03:22.676Z] [SENADORES DEU] Loading...
[2026-04-13T08:03:32.213Z] [PARTICIPACION] Loading...
[2026-04-13T08:03:32.488Z] [SENADORES DEM] Loading...
[2026-04-13T08:03:41.801Z] [ACTAS] Loading...
[2026-04-13T08:03:41.982Z] ===========================================
[2026-04-13T08:03:41.982Z] Starting ONPE data scrape cycle...
[2026-04-13T08:03:42.180Z] [PRESIDENCIALES] Loading...
[2026-04-13T08:03:42.391Z] [DIPUTADOS] Loading...
[2026-04-13T08:03:51.521Z] Scrape complete: 36 candidates, 46.927% actas
[2026-04-13T08:03:51.522Z] Pushing to dashboard...
[2026-04-13T08:03:51.880Z] Push SUCCESS - ONPE scraped data
[2026-04-13T08:03:52.416Z] [PARLAMENTO ANDINO] Loading...
[2026-04-13T08:03:52.744Z] [SENADORES DEU] Loading...
[2026-04-13T08:04:02.021Z] [PARTICIPACION] Loading...
[2026-04-13T08:04:02.532Z] [SENADORES DEM] Loading...
[2026-04-13T08:04:11.732Z] [ACTAS] Loading...
[2026-04-13T08:04:11.990Z] ===========================================
[2026-04-13T08:04:11.991Z] Starting ONPE data scrape cycle...
[2026-04-13T08:04:12.146Z] [PRESIDENCIALES] Loading...
[2026-04-13T08:04:12.534Z] [DIPUTADOS] Loading...
[2026-04-13T08:04:21.294Z] Scrape complete: 36 candidates, 46.927% actas
[2026-04-13T08:04:21.294Z] Pushing to dashboard...
[2026-04-13T08:04:21.594Z] Push SUCCESS - ONPE scraped data
[2026-04-13T08:04:22.432Z] [SENADORES DEU] Loading...
[2026-04-13T08:04:22.491Z] [PARLAMENTO ANDINO] Loading...
[2026-04-13T08:04:32.207Z] [PARTICIPACION] Loading...
[2026-04-13T08:04:32.255Z] [SENADORES DEM] Loading...
[2026-04-13T08:04:41.828Z] [ACTAS] Loading...
[2026-04-13T08:04:41.884Z] [DIPUTADOS] Loading...
[2026-04-13T08:04:42.002Z] ===========================================
[2026-04-13T08:04:42.003Z] Starting ONPE data scrape cycle...
[2026-04-13T08:04:42.182Z] [PRESIDENCIALES] Loading...
